<?xml version="1.0" encoding="UTF-8"?>
<testng-results skipped="0" failed="2" ignored="0" total="10" passed="8">
  <reporter-output>
  </reporter-output>
  <suite name="Surefire suite" duration-ms="142473" started-at="2022-04-08T05:51:47Z" finished-at="2022-04-08T05:54:09Z">
    <groups>
      <group name="cucumber">
        <method signature="AbstractTestNGCucumberTests.runScenario(io.cucumber.testng.PickleWrapper, io.cucumber.testng.FeatureWrapper)[pri:0, instance:Stepdefinition.Parallel@482f8f11]" name="runScenario" class="io.cucumber.testng.AbstractTestNGCucumberTests"/>
        <method signature="AbstractTestNGCucumberTests.runScenario(io.cucumber.testng.PickleWrapper, io.cucumber.testng.FeatureWrapper)[pri:0, instance:Stepdefinition.TestRunner_2@51565ec2]" name="runScenario" class="io.cucumber.testng.AbstractTestNGCucumberTests"/>
      </group> <!-- cucumber -->
    </groups>
    <test name="Surefire test" duration-ms="142473" started-at="2022-04-08T05:51:47Z" finished-at="2022-04-08T05:54:09Z">
      <class name="Stepdefinition.Parallel">
        <test-method status="PASS" signature="setUpClass()[pri:0, instance:Stepdefinition.Parallel@482f8f11]" name="setUpClass" is-config="true" duration-ms="1857" started-at="2022-04-08T05:51:47Z" finished-at="2022-04-08T05:51:48Z">
          <reporter-output>
          </reporter-output>
        </test-method> <!-- setUpClass -->
        <test-method status="PASS" signature="runScenario(io.cucumber.testng.PickleWrapper, io.cucumber.testng.FeatureWrapper)[pri:0, instance:Stepdefinition.Parallel@482f8f11]" name="runScenario" duration-ms="23147" started-at="2022-04-08T05:51:48Z" description="Runs Cucumber Scenarios" data-provider="scenarios" finished-at="2022-04-08T05:52:12Z">
          <params>
            <param index="0">
              <value>
                <![CDATA["Validate Cars Listing Page"]]>
              </value>
            </param>
            <param index="1">
              <value>
                <![CDATA["Optional[Validate Dashboard Details]"]]>
              </value>
            </param>
          </params>
          <reporter-output>
          </reporter-output>
        </test-method> <!-- runScenario -->
        <test-method status="FAIL" signature="runScenario(io.cucumber.testng.PickleWrapper, io.cucumber.testng.FeatureWrapper)[pri:0, instance:Stepdefinition.Parallel@482f8f11]" name="runScenario" duration-ms="44618" started-at="2022-04-08T05:51:48Z" description="Runs Cucumber Scenarios" data-provider="scenarios" finished-at="2022-04-08T05:52:33Z">
          <params>
            <param index="0">
              <value>
                <![CDATA["Validate the total number of cars in View All page"]]>
              </value>
            </param>
            <param index="1">
              <value>
                <![CDATA["Optional[Validate Dashboard Details]"]]>
              </value>
            </param>
          </params>
          <exception class="java.lang.AssertionError">
            <full-stacktrace>
              <![CDATA[java.lang.AssertionError
at Pages.CarList.countTheTotalCars(CarList.java:111)
at Stepdefinition.dashboard_page.count_the_total_numbers_of_cars_in_each_section(dashboard_page.java:363)
at ✽.count the total numbers of cars in each section(file:///Users/firdi/Library/CloudStorage/OneDrive-Deloitte(O365D)/TR_Training/src/test/java/Feature/Carlisting.feature:12)
]]>
            </full-stacktrace>
          </exception> <!-- java.lang.AssertionError -->
          <reporter-output>
          </reporter-output>
        </test-method> <!-- runScenario -->
        <test-method status="PASS" signature="runScenario(io.cucumber.testng.PickleWrapper, io.cucumber.testng.FeatureWrapper)[pri:0, instance:Stepdefinition.Parallel@482f8f11]" name="runScenario" duration-ms="30049" started-at="2022-04-08T05:51:48Z" description="Runs Cucumber Scenarios" data-provider="scenarios" finished-at="2022-04-08T05:52:19Z">
          <params>
            <param index="0">
              <value>
                <![CDATA["Book the Car"]]>
              </value>
            </param>
            <param index="1">
              <value>
                <![CDATA["Optional[Validate Dashboard Details]"]]>
              </value>
            </param>
          </params>
          <reporter-output>
          </reporter-output>
        </test-method> <!-- runScenario -->
        <test-method status="PASS" signature="tearDownClass()[pri:0, instance:Stepdefinition.Parallel@482f8f11]" name="tearDownClass" is-config="true" duration-ms="16477" started-at="2022-04-08T05:52:33Z" finished-at="2022-04-08T05:52:50Z">
          <reporter-output>
          </reporter-output>
        </test-method> <!-- tearDownClass -->
      </class> <!-- Stepdefinition.Parallel -->
      <class name="Stepdefinition.TestRunner_2">
        <test-method status="PASS" signature="setUpClass()[pri:0, instance:Stepdefinition.TestRunner_2@51565ec2]" name="setUpClass" is-config="true" duration-ms="32" started-at="2022-04-08T05:52:50Z" finished-at="2022-04-08T05:52:50Z">
          <reporter-output>
          </reporter-output>
        </test-method> <!-- setUpClass -->
        <test-method status="PASS" signature="runScenario(io.cucumber.testng.PickleWrapper, io.cucumber.testng.FeatureWrapper)[pri:0, instance:Stepdefinition.TestRunner_2@51565ec2]" name="runScenario" duration-ms="31908" started-at="2022-04-08T05:52:50Z" description="Runs Cucumber Scenarios" data-provider="scenarios" finished-at="2022-04-08T05:53:22Z">
          <params>
            <param index="0">
              <value>
                <![CDATA["Validate MY Profile Details"]]>
              </value>
            </param>
            <param index="1">
              <value>
                <![CDATA["Optional[Validate Dashboard Details]"]]>
              </value>
            </param>
          </params>
          <reporter-output>
          </reporter-output>
        </test-method> <!-- runScenario -->
        <test-method status="FAIL" signature="runScenario(io.cucumber.testng.PickleWrapper, io.cucumber.testng.FeatureWrapper)[pri:0, instance:Stepdefinition.TestRunner_2@51565ec2]" name="runScenario" duration-ms="65459" started-at="2022-04-08T05:52:50Z" description="Runs Cucumber Scenarios" data-provider="scenarios" finished-at="2022-04-08T05:53:55Z">
          <params>
            <param index="0">
              <value>
                <![CDATA["Validate Search functionality"]]>
              </value>
            </param>
            <param index="1">
              <value>
                <![CDATA["Optional[Validate Dashboard Details]"]]>
              </value>
            </param>
          </params>
          <exception class="java.lang.AssertionError">
            <full-stacktrace>
              <![CDATA[java.lang.AssertionError
at Stepdefinition.dashboard_page.validateSearchBarSearchButtonArePresent(dashboard_page.java:295)
at ✽.validate search bar & search button are present(file:///Users/firdi/Library/CloudStorage/OneDrive-Deloitte(O365D)/TR_Training/src/test/java/Feature/Dashboard.feature:12)
]]>
            </full-stacktrace>
          </exception> <!-- java.lang.AssertionError -->
          <reporter-output>
          </reporter-output>
        </test-method> <!-- runScenario -->
        <test-method status="PASS" signature="runScenario(io.cucumber.testng.PickleWrapper, io.cucumber.testng.FeatureWrapper)[pri:0, instance:Stepdefinition.TestRunner_2@51565ec2]" name="runScenario" duration-ms="44720" started-at="2022-04-08T05:52:50Z" description="Runs Cucumber Scenarios" data-provider="scenarios" finished-at="2022-04-08T05:53:34Z">
          <params>
            <param index="0">
              <value>
                <![CDATA["Validate links in the Footer across website"]]>
              </value>
            </param>
            <param index="1">
              <value>
                <![CDATA["Optional[Validate Dashboard Details]"]]>
              </value>
            </param>
          </params>
          <reporter-output>
          </reporter-output>
        </test-method> <!-- runScenario -->
        <test-method status="PASS" signature="runScenario(io.cucumber.testng.PickleWrapper, io.cucumber.testng.FeatureWrapper)[pri:0, instance:Stepdefinition.TestRunner_2@51565ec2]" name="runScenario" duration-ms="34286" started-at="2022-04-08T05:52:50Z" description="Runs Cucumber Scenarios" data-provider="scenarios" finished-at="2022-04-08T05:53:24Z">
          <params>
            <param index="0">
              <value>
                <![CDATA["Validate that the logo is present across website"]]>
              </value>
            </param>
            <param index="1">
              <value>
                <![CDATA["Optional[Validate Dashboard Details]"]]>
              </value>
            </param>
          </params>
          <reporter-output>
          </reporter-output>
        </test-method> <!-- runScenario -->
        <test-method status="PASS" signature="runScenario(io.cucumber.testng.PickleWrapper, io.cucumber.testng.FeatureWrapper)[pri:0, instance:Stepdefinition.TestRunner_2@51565ec2]" name="runScenario" duration-ms="30969" started-at="2022-04-08T05:52:50Z" description="Runs Cucumber Scenarios" data-provider="scenarios" finished-at="2022-04-08T05:53:21Z">
          <params>
            <param index="0">
              <value>
                <![CDATA["Validate New Car & Used car exists across all webpages"]]>
              </value>
            </param>
            <param index="1">
              <value>
                <![CDATA["Optional[Validate Dashboard Details]"]]>
              </value>
            </param>
          </params>
          <reporter-output>
          </reporter-output>
        </test-method> <!-- runScenario -->
        <test-method status="PASS" signature="runScenario(io.cucumber.testng.PickleWrapper, io.cucumber.testng.FeatureWrapper)[pri:0, instance:Stepdefinition.TestRunner_2@51565ec2]" name="runScenario" duration-ms="26190" started-at="2022-04-08T05:52:50Z" description="Runs Cucumber Scenarios" data-provider="scenarios" finished-at="2022-04-08T05:53:16Z">
          <params>
            <param index="0">
              <value>
                <![CDATA["Validate Find your car , popular ,Just launched,upcoming static elements appear in home page"]]>
              </value>
            </param>
            <param index="1">
              <value>
                <![CDATA["Optional[Validate Dashboard Details]"]]>
              </value>
            </param>
          </params>
          <reporter-output>
          </reporter-output>
        </test-method> <!-- runScenario -->
        <test-method status="PASS" signature="runScenario(io.cucumber.testng.PickleWrapper, io.cucumber.testng.FeatureWrapper)[pri:0, instance:Stepdefinition.TestRunner_2@51565ec2]" name="runScenario" duration-ms="44292" started-at="2022-04-08T05:52:50Z" description="Runs Cucumber Scenarios" data-provider="scenarios" finished-at="2022-04-08T05:53:34Z">
          <params>
            <param index="0">
              <value>
                <![CDATA["Validate the on click of logo , user is taken to homepage."]]>
              </value>
            </param>
            <param index="1">
              <value>
                <![CDATA["Optional[Validate Dashboard Details]"]]>
              </value>
            </param>
          </params>
          <reporter-output>
          </reporter-output>
        </test-method> <!-- runScenario -->
        <test-method status="PASS" signature="tearDownClass()[pri:0, instance:Stepdefinition.TestRunner_2@51565ec2]" name="tearDownClass" is-config="true" duration-ms="13934" started-at="2022-04-08T05:53:55Z" finished-at="2022-04-08T05:54:09Z">
          <reporter-output>
          </reporter-output>
        </test-method> <!-- tearDownClass -->
      </class> <!-- Stepdefinition.TestRunner_2 -->
    </test> <!-- Surefire test -->
  </suite> <!-- Surefire suite -->
</testng-results>
