<?xml version="1.0" encoding="UTF-8"?>
<testsuite xmlns:xsi="http://www.w3.org/2001/XMLSchema-instance" xsi:noNamespaceSchemaLocation="https://maven.apache.org/surefire/maven-surefire-plugin/xsd/surefire-test-report.xsd" name="TestSuite" time="110.411" tests="9" errors="0" skipped="0" failures="2">
  <properties>
[...]
</properties>
  <testcase name="runScenario" classname="Stepdefinition.TestRunner_2" time="13.953"/>
  <testcase name="runScenario" classname="Stepdefinition.TestRunner_2" time="35.874">
    <failure type="java.lang.AssertionError">java.lang.AssertionError
</failure>
    <system-out><![CDATA[12 total results
12
4 total results
4
4 total results
4
4 total results
4
0 total results
0
total 12
  &amp#27;[31mThen &amp#27;[0m&amp#27;[31mcount the total numbers of cars in each section&amp#27;[0m         &amp#27;[90m# Stepdefinition.dashboard_page.count_the_total_numbers_of_cars_in_each_section()&amp#27;[0m
      &amp#27;[31mjava.lang.AssertionError
	at Pages.CarList.countTheTotalCars(CarList.java:111)
	at Stepdefinition.dashboard_page.count_the_total_numbers_of_cars_in_each_section(dashboard_page.java:363)
	at ✽.count the total numbers of cars in each section(file:///Users/firdi/Library/CloudStorage/OneDrive-Deloitte(O365D)/TR_Training/src/test/java/Feature/Carlisting.feature:12)
&amp#27;[0m

    Embedding Validate_the_total_number_of_cars_in_View_All_page [image/png 147103 bytes]

]]></system-out>
    <system-err><![CDATA[log4j:WARN Continuable parsing error 3 and column 92
log4j:WARN Attribute "xmlns:log4j" with value "https://logging.apache.org/log4j/2.x/" must have a value of "http://jakarta.apache.org/log4j/".
]]></system-err>
  </testcase>
  <testcase name="runScenario" classname="Stepdefinition.TestRunner_3" time="24.951"/>
  <testcase name="runScenario" classname="Stepdefinition.TestRunner_3" time="25.005"/>
  <testcase name="runScenario" classname="Stepdefinition.TestRunner_3" time="34.133"/>
  <testcase name="runScenario" classname="Stepdefinition.TestRunner_3" time="34.145"/>
  <testcase name="runScenario" classname="Stepdefinition.TestRunner_3" time="34.398"/>
  <testcase name="runScenario" classname="Stepdefinition.TestRunner_3" time="35.533"/>
  <testcase name="runScenario" classname="Stepdefinition.TestRunner_3" time="60.87">
    <failure type="java.lang.AssertionError">java.lang.AssertionError
</failure>
    <system-out><![CDATA[  &amp#27;[31mAnd &amp#27;[0m&amp#27;[31mvalidate search bar & search button are present&amp#27;[0m          &amp#27;[90m# Stepdefinition.dashboard_page.validateSearchBarSearchButtonArePresent()&amp#27;[0m
      &amp#27;[31mjava.lang.AssertionError
	at Stepdefinition.dashboard_page.validateSearchBarSearchButtonArePresent(dashboard_page.java:295)
	at ✽.validate search bar & search button are present(file:///Users/firdi/Library/CloudStorage/OneDrive-Deloitte(O365D)/TR_Training/src/test/java/Feature/Dashboard.feature:12)
&amp#27;[0m

    Embedding Validate_Search_functionality [image/png 1294102 bytes]

]]></system-out>
    <system-err><![CDATA[log4j:WARN Continuable parsing error 3 and column 92
log4j:WARN Attribute "xmlns:log4j" with value "https://logging.apache.org/log4j/2.x/" must have a value of "http://jakarta.apache.org/log4j/".
]]></system-err>
  </testcase>
</testsuite>