<?xml version="1.0" encoding="UTF-8"?>
<!-- Generated by org.testng.reporters.JUnitReportReporter -->
<testsuite skipped="0" hostname="USBGOFIRDI1" name="Stepdefinition.Parallel" tests="3" failures="1" timestamp="08 Apr 2022 05:54:09 GMT" time="97.814" errors="0">
  <testcase name="runScenario" time="30.049" classname="Stepdefinition.Parallel"/>
  <testcase name="runScenario" time="44.618" classname="Stepdefinition.Parallel">
    <failure type="java.lang.AssertionError">
      <![CDATA[java.lang.AssertionError
at Pages.CarList.countTheTotalCars(CarList.java:111)
at Stepdefinition.dashboard_page.count_the_total_numbers_of_cars_in_each_section(dashboard_page.java:363)
at ✽.count the total numbers of cars in each section(file:///Users/firdi/Library/CloudStorage/OneDrive-Deloitte(O365D)/TR_Training/src/test/java/Feature/Carlisting.feature:12)
]]>
    </failure>
  </testcase> <!-- runScenario -->
  <testcase name="runScenario" time="23.147" classname="Stepdefinition.Parallel"/>
</testsuite> <!-- Stepdefinition.Parallel -->
