<?xml version="1.0" encoding="UTF-8"?>
<!-- Generated by org.testng.reporters.JUnitReportReporter -->
<testsuite skipped="0" hostname="USBGOFIRDI1" name="Stepdefinition.Parallel" tests="3" failures="1" timestamp="07 Apr 2022 06:57:51 GMT" time="74.059" errors="0">
  <testcase name="runScenario" time="22.100" classname="Stepdefinition.Parallel"/>
  <testcase name="runScenario" time="36.788" classname="Stepdefinition.Parallel">
    <failure type="java.lang.AssertionError">
      <![CDATA[java.lang.AssertionError
at Pages.CarList.countTheTotalCars(CarList.java:111)
at Stepdefinition.dashboard_page.count_the_total_numbers_of_cars_in_each_section(dashboard_page.java:363)
at ✽.count the total numbers of cars in each section(file:///Users/firdi/Library/CloudStorage/OneDrive-Deloitte(O365D)/TR_Training/src/test/java/Feature/Carlisting.feature:12)
]]>
    </failure>
  </testcase> <!-- runScenario -->
  <testcase name="runScenario" time="15.171" classname="Stepdefinition.Parallel"/>
</testsuite> <!-- Stepdefinition.Parallel -->
