<?xml version="1.0" encoding="UTF-8"?>
<!-- Generated by org.testng.reporters.JUnitReportReporter -->
<testsuite skipped="0" hostname="USBGOFIRDI1" name="Stepdefinition.TestRunner_2" tests="7" failures="1" timestamp="07 Apr 2022 06:57:51 GMT" time="172.166" errors="0">
  <testcase name="runScenario" time="21.090" classname="Stepdefinition.TestRunner_2"/>
  <testcase name="runScenario" time="21.131" classname="Stepdefinition.TestRunner_2"/>
  <testcase name="runScenario" time="18.410" classname="Stepdefinition.TestRunner_2"/>
  <testcase name="runScenario" time="21.537" classname="Stepdefinition.TestRunner_2"/>
  <testcase name="runScenario" time="20.579" classname="Stepdefinition.TestRunner_2"/>
  <testcase name="runScenario" time="50.457" classname="Stepdefinition.TestRunner_2">
    <failure type="java.lang.AssertionError">
      <![CDATA[java.lang.AssertionError
at Stepdefinition.dashboard_page.validateSearchBarSearchButtonArePresent(dashboard_page.java:295)
at ✽.validate search bar & search button are present(file:///Users/firdi/Library/CloudStorage/OneDrive-Deloitte(O365D)/TR_Training/src/test/java/Feature/Dashboard.feature:12)
]]>
    </failure>
  </testcase> <!-- runScenario -->
  <testcase name="runScenario" time="18.962" classname="Stepdefinition.TestRunner_2"/>
</testsuite> <!-- Stepdefinition.TestRunner_2 -->
